[2025-08-18 18:55:28] [INFO    ] discord.client: logging in using static token
[2025-08-18 18:55:28] [DEBUG   ] discord.http: GET https://discord.com/api/v10/users/@me with None has returned 200
[2025-08-18 18:55:28] [DEBUG   ] discord.http: GET /users/@me has found its initial rate limit bucket hash (78bb8553d9352a5a2f89f9def401287a).
[2025-08-18 18:55:28] [DEBUG   ] discord.http: GET https://discord.com/api/v10/users/@me has received {'id': '1404058243440840824', 'username': 'JOBRIGHT.EE.BOT', 'avatar': 'ec4043d0bdb1859300538194b6f11fe3', 'discriminator': '0799', 'public_flags': 0, 'flags': 0, 'bot': True, 'banner': None, 'accent_color': None, 'global_name': None, 'avatar_decoration_data': None, 'collectibles': None, 'display_name_styles': None, 'banner_color': None, 'clan': None, 'primary_guild': None, 'mfa_enabled': False, 'locale': 'en-US', 'premium_type': 0, 'email': None, 'verified': True, 'bio': ''}
[2025-08-18 18:55:28] [DEBUG   ] discord.http: GET https://discord.com/api/v10/oauth2/applications/@me with None has returned 200
[2025-08-18 18:55:28] [DEBUG   ] discord.http: GET /oauth2/applications/@me has found its initial rate limit bucket hash (d28a133af187e91d71d96a223467ce49).
[2025-08-18 18:55:28] [DEBUG   ] discord.http: GET https://discord.com/api/v10/oauth2/applications/@me has received {'id': '1404058243440840824', 'name': 'JOBRIGHT.EE.BOT', 'icon': 'ec4043d0bdb1859300538194b6f11fe3', 'description': 'Bot using the jobright.ai api to filter out any EE job listings. Will include the job position title, the location, the company, and the apply link. ', 'type': None, 'bot': {'id': '1404058243440840824', 'username': 'JOBRIGHT.EE.BOT', 'avatar': 'ec4043d0bdb1859300538194b6f11fe3', 'discriminator': '0799', 'public_flags': 0, 'flags': 0, 'bot': True, 'banner': None, 'accent_color': None, 'global_name': None, 'avatar_decoration_data': None, 'collectibles': None, 'display_name_styles': None, 'banner_color': None, 'clan': None, 'primary_guild': None}, 'summary': '', 'is_monetized': False, 'is_verified': False, 'is_discoverable': False, 'bot_public': True, 'bot_require_code_grant': False, 'install_params': {'scopes': ['applications.commands'], 'permissions': '0'}, 'integration_types_config': {'0': {'oauth2_install_params': {'scopes': ['applications.commands'], 'permissions': '0'}}, '1': {'oauth2_install_params': {'scopes': ['applications.commands'], 'permissions': '0'}}}, 'verify_key': '424a69f72b791f5e4884b03937e10f8977a668e246b5639fe7a9223726f9cc6c', 'flags': 557056, 'hook': True, 'storefront_available': False, 'redirect_uris': [], 'interactions_endpoint_url': None, 'role_connections_verification_url': None, 'owner': {'id': '316021592154963969', 'username': 'nuttt', 'avatar': '84a326c4b6f34dcc51d241c8a3d51782', 'discriminator': '0', 'public_flags': 0, 'flags': 0, 'banner': None, 'accent_color': None, 'global_name': 'Nuttt', 'avatar_decoration_data': None, 'collectibles': None, 'display_name_styles': None, 'banner_color': None, 'clan': None, 'primary_guild': None}, 'approximate_guild_count': 1, 'approximate_user_install_count': 0, 'approximate_user_authorization_count': 0, 'interactions_event_types': [], 'interactions_version': 1, 'explicit_content_filter': 0, 'rpc_application_state': 0, 'store_application_state': 1, 'verification_state': 1, 'integration_public': True, 'integration_require_code_grant': False, 'discoverability_state': 1, 'discovery_eligibility_flags': 228, 'monetization_state': 1, 'verification_eligibility_flags': 91036, 'monetization_eligibility_flags': 181988, 'team': None, 'internal_guild_restriction': 2, 'approved_consoles': []}
[2025-08-18 18:55:28] [DEBUG   ] discord.gateway: Created websocket connected to wss://gateway.discord.gg/
[2025-08-18 18:55:28] [DEBUG   ] discord.gateway: For Shard ID None: WebSocket Event: {'t': None, 's': None, 'op': 10, 'd': {'heartbeat_interval': 41250, '_trace': ['["gateway-prd-arm-us-east1-d-20db",{"micros":0.0}]']}}
[2025-08-18 18:55:28] [DEBUG   ] discord.gateway: Shard ID None has sent the IDENTIFY payload.
[2025-08-18 18:55:28] [DEBUG   ] discord.gateway: For Shard ID None: WebSocket Event: {'t': None, 's': None, 'op': 11, 'd': None}
[2025-08-18 18:55:28] [DEBUG   ] discord.gateway: For Shard ID None: WebSocket Event: {'t': 'READY', 's': 1, 'op': 0, 'd': {'v': 10, 'user_settings': {}, 'user': {'verified': True, 'username': 'JOBRIGHT.EE.BOT', 'primary_guild': None, 'mfa_enabled': False, 'id': '1404058243440840824', 'global_name': None, 'flags': 0, 'email': None, 'discriminator': '0799', 'clan': None, 'bot': True, 'avatar': 'ec4043d0bdb1859300538194b6f11fe3'}, 'session_type': 'normal', 'session_id': '57bc039e53547fa5e7e08f56c6dfa470', 'resume_gateway_url': 'wss://gateway-us-east1-d.discord.gg', 'relationships': [], 'private_channels': [], 'presences': [], 'guilds': [{'unavailable': True, 'id': '1249863991535341640'}], 'guild_join_requests': [], 'geo_ordered_rtc_regions': ['us-south', 'atlanta', 'us-central', 'us-east', 'us-west'], 'game_relationships': [], 'auth': {}, 'application': {'id': '1404058243440840824', 'flags': 557056}, '_trace': ['["gateway-prd-arm-us-east1-d-20db",{"micros":100788,"calls":["id_created",{"micros":402,"calls":[]},"session_lookup_time",{"micros":247,"calls":[]},"session_lookup_finished",{"micros":10,"calls":[]},"discord-sessions-prd-2-81",{"micros":99910,"calls":["start_session",{"micros":93180,"calls":["discord-api-rpc-6886fc8748-qfpzv",{"micros":71236,"calls":["get_user",{"micros":5480},"get_guilds",{"micros":6428},"send_scheduled_deletion_message",{"micros":36},"guild_join_requests",{"micros":3},"authorized_ip_coro",{"micros":11},"pending_payments",{"micros":10919},"apex_experiments",{"micros":3478},"user_activities",{"micros":4},"played_application_ids",{"micros":3}]}]},"starting_guild_connect",{"micros":29,"calls":[]},"presence_started",{"micros":5649,"calls":[]},"guilds_started",{"micros":60,"calls":[]},"lobbies_started",{"micros":1,"calls":[]},"guilds_connect",{"micros":0,"calls":[]},"presence_connect",{"micros":953,"calls":[]},"connect_finished",{"micros":956,"calls":[]},"build_ready",{"micros":32,"calls":[]},"clean_ready",{"micros":1,"calls":[]},"optimize_ready",{"micros":0,"calls":[]},"split_ready",{"micros":1,"calls":[]}]}]}]']}}
[2025-08-18 18:55:28] [DEBUG   ] discord.client: Dispatching event socket_event_type
[2025-08-18 18:55:28] [INFO    ] discord.gateway: Shard ID None has connected to Gateway (Session ID: 57bc039e53547fa5e7e08f56c6dfa470).
[2025-08-18 18:55:28] [DEBUG   ] discord.client: Dispatching event connect
[2025-08-18 18:55:29] [DEBUG   ] discord.gateway: For Shard ID None: WebSocket Event: {'t': 'GUILD_CREATE', 's': 2, 'op': 0, 'd': {'default_message_notifications': 0, 'activity_instances': [], 'channels': [{'version': 1755543245382, 'type': 0, 'topic': None, 'rate_limit_per_user': 0, 'position': 14, 'permission_overwrites': [], 'parent_id': '1249863992252432476', 'name': 'circuits1', 'last_message_id': '1315885004563152958', 'id': '1290423264405098507', 'flags': 0}, {'version': 1752118805593, 'type': 0, 'topic': None, 'rate_limit_per_user': 0, 'position': 7, 'permission_overwrites': [], 'name': 'bday-gifts', 'last_message_id': '1390526465262489630', 'id': '1390525675689214123', 'flags': 0}, {'version': 1724445260002, 'type': 0, 'topic': None, 'rate_limit_per_user': 0, 'position': 1, 'permission_overwrites': [], 'name': 'for-her', 'last_message_id': '1396282870179565568', 'id': '1274451394476380250', 'flags': 0}, {'version': 1755543245372, 'type': 0, 'topic': None, 'rate_limit_per_user': 0, 'position': 13, 'permission_overwrites': [], 'parent_id': '1249863992252432476', 'name': '1311', 'last_message_id': '1316119643299254362', 'id': '1285435830416183297', 'flags': 0}, {'version': 1755543245504, 'type': 0, 'topic': None, 'rate_limit_per_user': 0, 'position': 21, 'permission_overwrites': [], 'parent_id': '1328013367914266684', 'name': 'matlab', 'last_message_id': '1335082552733601852', 'id': '1335082499625189376', 'flags': 0}, {'version': 1736693467368, 'type': 4, 'position': 1, 'permission_overwrites': [], 'name': "Spring 25'", 'id': '1328013367914266684', 'flags': 0}, {'version': 1755543245660, 'type': 0, 'topic': None, 'rate_limit_per_user': 0, 'position': 31, 'permission_overwrites': [], 'parent_id': '1251234668540330084', 'name': 'grappling', 'last_message_id': '1399591567982858250', 'id': '1381793520574140527', 'flags': 0}, {'version': 1736039920875, 'type': 0, 'topic': None, 'rate_limit_per_user': 0, 'position': 0, 'permission_overwrites': [], 'name': 'general', 'last_pin_timestamp': '2025-01-05T01:18:40+00:00', 'last_message_id': '1407027005056225435', 'id': '1258117714157899787', 'flags': 0}, {'version': 1736693465057, 'type': 0, 'topic': None, 'rate_limit_per_user': 0, 'position': 6, 'permission_overwrites': [], 'name': 'to-do-list', 'last_message_id': '1364415779621048442', 'id': '1328013012073709589', 'flags': 0}, {'version': 1755543245494, 'type': 0, 'topic': None, 'rate_limit_per_user': 0, 'position': 20, 'permission_overwrites': [], 'parent_id': '1328013367914266684', 'name': 'cs50x', 'last_pin_timestamp': '2025-01-15T17:33:40+00:00', 'last_message_id': '1329143975587745802', 'id': '1329140614113263759', 'flags': 0}, {'version': 1724445268305, 'type': 0, 'topic': None, 'rate_limit_per_user': 0, 'position': 2, 'permission_overwrites': [], 'name': 'email-prac', 'last_message_id': '1257724057772626123', 'id': '1257551525291495425', 'flags': 0}, {'version': 1755543245703, 'type': 0, 'topic': None, 'rate_limit_per_user': 0, 'position': 34, 'permission_overwrites': [], 'parent_id': '1251234668540330084', 'name': 'raw-clips', 'last_message_id': '1336060464664154194', 'id': '1314070218477142047', 'flags': 0}, {'version': 1755543245768, 'type': 0, 'topic': None, 'rate_limit_per_user': 0, 'position': 40, 'permission_overwrites': [], 'parent_id': '1251234668540330084', 'name': 'we-go-jim', 'last_message_id': '1391899635844386899', 'id': '1256707312878616577', 'flags': 0}, {'version': 1755543245652, 'type': 0, 'topic': None, 'rate_limit_per_user': 0, 'position': 30, 'permission_overwrites': [], 'parent_id': '1251234668540330084', 'name': 'food', 'last_message_id': '1330213696022249598', 'id': '1330213594612371506', 'flags': 0}, {'version': 1740514292634, 'type': 0, 'topic': None, 'rate_limit_per_user': 0, 'position': 3, 'permission_overwrites': [], 'name': 'treasurer', 'last_pin_timestamp': '2025-02-25T20:11:32+00:00', 'last_message_id': '1387899927329247462', 'id': '1257520475068698737', 'flags': 0}, {'version': 1755543245740, 'type': 0, 'topic': None, 'rate_limit_per_user': 0, 'position': 38, 'permission_overwrites': [], 'parent_id': '1251234668540330084', 'name': 'transformation', 'last_message_id': '1365767013124935894', 'id': '1329141724894986261', 'flags': 0}, {'version': 1755543245722, 'type': 0, 'topic': None, 'rate_limit_per_user': 0, 'position': 36, 'permission_overwrites': [], 'parent_id': '1251234668540330084', 'name': 'story-time', 'last_message_id': None, 'id': '1330727646405066773', 'flags': 0}, {'version': 1755543245308, 'type': 0, 'topic': None, 'rate_limit_per_user': 0, 'position': 9, 'permission_overwrites': [], 'parent_id': '1249863992252432476', 'name': 'calc-3', 'last_message_id': '1269411408270065745', 'id': '1249864097034666066', 'flags': 0}, {'version': 1755543245519, 'type': 0, 'topic': None, 'rate_limit_per_user': 0, 'position': 22, 'permission_overwrites': [], 'parent_id': '1392711932854927446', 'name': 'emag', 'last_message_id': '1407080649948397683', 'id': '1392711990073360534', 'flags': 0}, {'version': 1755543245543, 'type': 0, 'topic': None, 'rate_limit_per_user': 0, 'position': 25, 'permission_overwrites': [], 'parent_id': '1392711932854927446', 'name': 'circuits-2', 'last_message_id': None, 'id': '1407066683989823590', 'flags': 0}, {'version': 1755543245527, 'type': 0, 'topic': None, 'rate_limit_per_user': 0, 'position': 23, 'permission_overwrites': [], 'parent_id': '1392711932854927446', 'name': 'prob-n-stats', 'last_message_id': None, 'id': '1407066637248761977', 'flags': 0}, {'version': 1755543245533, 'type': 0, 'topic': None, 'rate_limit_per_user': 0, 'position': 24, 'permission_overwrites': [], 'parent_id': '1392711932854927446', 'name': 'signals-and-systems', 'last_message_id': None, 'id': '1407066661424599050', 'flags': 0}, {'version': 1755543245453, 'type': 0, 'topic': None, 'rate_limit_per_user': 0, 'position': 17, 'permission_overwrites': [], 'parent_id': '1328013367914266684', 'name': 'math-foundation', 'last_pin_timestamp': '2025-02-24T02:05:55+00:00', 'last_message_id': '1364059475270434858', 'id': '1328013554649010216', 'flags': 0}, {'version': 1736693465029, 'type': 0, 'topic': None, 'rate_limit_per_user': 0, 'position': 5, 'permission_overwrites': [], 'name': 'shows-and-movies', 'last_message_id': '1369323003711852614', 'id': '1290013216319209625', 'flags': 0}, {'version': 1752118805577, 'type': 4, 'position': 2, 'permission_overwrites': [], 'name': 'FALL 25', 'id': '1392711932854927446', 'flags': 0}, {'version': 1755543245690, 'type': 0, 'topic': None, 'rate_limit_per_user': 0, 'position': 33, 'permission_overwrites': [], 'parent_id': '1251234668540330084', 'name': 'pets', 'last_message_id': '1323495287095824397', 'id': '1323495065947213896', 'flags': 0}, {'version': 1755543245482, 'type': 0, 'topic': None, 'rate_limit_per_user': 0, 'position': 19, 'permission_overwrites': [], 'parent_id': '1328013367914266684', 'name': 'digital-circuits-and-systems', 'last_message_id': '1367374546578964502', 'id': '1328013660932669503', 'flags': 0}, {'version': 1755543245731, 'type': 0, 'topic': None, 'rate_limit_per_user': 0, 'position': 37, 'permission_overwrites': [], 'parent_id': '1251234668540330084', 'name': 'trading', 'last_message_id': '1404187216443347045', 'id': '1340895491755475004', 'flags': 0}, {'version': 1755543245710, 'type': 0, 'topic': None, 'rate_limit_per_user': 0, 'position': 35, 'permission_overwrites': [], 'parent_id': '1251234668540330084', 'name': 'skincare', 'last_message_id': '1373386714759958548', 'id': '1373386687128014981', 'flags': 0}, {'version': 1755543245619, 'type': 0, 'topic': None, 'rate_limit_per_user': 0, 'position': 27, 'permission_overwrites': [], 'parent_id': '1251234668540330084', 'name': 'coding', 'last_message_id': '1406387618505297960', 'id': '1331323419501006869', 'flags': 0}, {'version': 1755543245344, 'type': 0, 'topic': None, 'rate_limit_per_user': 0, 'position': 11, 'permission_overwrites': [], 'parent_id': '1249863992252432476', 'name': 'diffeq', 'last_message_id': '1315457772594139207', 'id': '1276641098483236926', 'flags': 0}, {'version': 1736693464984, 'type': 4, 'position': 3, 'permission_overwrites': [], 'name': 'Hobbies', 'id': '1251234668540330084', 'flags': 0}, {'version': 1755543245265, 'type': 0, 'topic': None, 'rate_limit_per_user': 0, 'position': 8, 'permission_overwrites': [], 'name': 'testing', 'last_message_id': None, 'id': '1404228130633158676', 'flags': 0}, {'version': 1755543245641, 'type': 0, 'topic': None, 'rate_limit_per_user': 0, 'position': 29, 'permission_overwrites': [], 'parent_id': '1251234668540330084', 'name': 'electronics', 'last_pin_timestamp': '2024-11-22T19:05:48+00:00', 'last_message_id': '1403884198246223932', 'id': '1251234716686749696', 'flags': 0}, {'version': 1755543245335, 'type': 0, 'topic': None, 'rate_limit_per_user': 0, 'position': 10, 'permission_overwrites': [], 'parent_id': '1249863992252432476', 'name': 'books', 'last_message_id': '1276640913086484510', 'id': '1260090237837643777', 'flags': 0}, {'version': 1729880530420, 'type': 4, 'position': 0, 'permission_overwrites': [], 'name': 'FALL 24 SOPH', 'id': '1249863992252432476', 'flags': 0}, {'version': 1755543245354, 'type': 0, 'topic': None, 'rate_limit_per_user': 0, 'position': 12, 'permission_overwrites': [], 'parent_id': '1249863992252432476', 'name': 'physics2', 'last_message_id': '1316244139741941860', 'id': '1278066596296003634', 'flags': 0}, {'version': 1755543245603, 'type': 0, 'topic': None, 'rate_limit_per_user': 0, 'position': 26, 'permission_overwrites': [], 'parent_id': '1251234668540330084', 'name': 'cad', 'last_message_id': '1353231560463351839', 'id': '1249953295489826857', 'flags': 0}, {'version': 1755543245434, 'type': 0, 'topic': None, 'rate_limit_per_user': 0, 'position': 15, 'permission_overwrites': [], 'parent_id': '1328013367914266684', 'name': 'sophmore-lab', 'last_message_id': '1366831347275923609', 'id': '1328013473359200276', 'flags': 0}, {'version': 1755543245674, 'type': 0, 'topic': None, 'rate_limit_per_user': 0, 'position': 32, 'permission_overwrites': [], 'parent_id': '1251234668540330084', 'name': 'linux-stuff', 'last_message_id': '1375575685627904111', 'id': '1374532024601280542', 'flags': 0}, {'version': 1755543245749, 'type': 0, 'topic': None, 'rate_limit_per_user': 0, 'position': 39, 'permission_overwrites': [], 'parent_id': '1251234668540330084', 'name': 'traveling', 'last_message_id': '1389043303453954120', 'id': '1381975210235789433', 'flags': 0}, {'version': 1755543245631, 'type': 0, 'topic': None, 'rate_limit_per_user': 0, 'position': 28, 'permission_overwrites': [], 'parent_id': '1251234668540330084', 'name': 'editing', 'last_message_id': '1403188660219809802', 'id': '1303222842040516608', 'flags': 0}, {'version': 1736693465006, 'type': 0, 'topic': None, 'rate_limit_per_user': 0, 'position': 4, 'permission_overwrites': [], 'name': 'jobhuntin', 'last_pin_timestamp': '2024-10-06T04:18:23+00:00', 'last_message_id': '1397669039719055472', 'id': '1280340596057182208', 'flags': 0}, {'version': 1755543245465, 'type': 0, 'topic': None, 'rate_limit_per_user': 0, 'position': 18, 'permission_overwrites': [], 'parent_id': '1328013367914266684', 'name': 'electronics', 'last_message_id': '1364414281222721721', 'id': '1328013626799558676', 'flags': 0}, {'version': 1755543245441, 'type': 0, 'topic': None, 'rate_limit_per_user': 0, 'position': 16, 'permission_overwrites': [], 'parent_id': '1328013367914266684', 'name': 'prin-active-and-passive', 'last_message_id': '1367718921746255965', 'id': '1328013507840708608', 'flags': 0}], 'profile': None, 'icon': '3798516e878d754f5a806dab31163938', 'inventory_settings': None, 'members': [{'user': {'username': 'JOBRIGHT.EE.BOT', 'public_flags': 0, 'primary_guild': None, 'id': '1404058243440840824', 'global_name': None, 'display_name_styles': None, 'display_name': None, 'discriminator': '0799', 'collectibles': None, 'bot': True, 'avatar_decoration_data': None, 'avatar': 'ec4043d0bdb1859300538194b6f11fe3'}, 'roles': ['1404228002434252855'], 'premium_since': None, 'pending': False, 'nick': None, 'mute': False, 'joined_at': '2025-08-10T22:20:45.217000+00:00', 'flags': 0, 'deaf': False, 'communication_disabled_until': None, 'banner': None, 'avatar': None}], 'rules_channel_id': None, 'id': '1249863991535341640', 'region': 'deprecated', 'incidents_data': None, 'name': 'Nut', 'vanity_url_code': None, 'premium_progress_bar_enabled': False, 'max_members': 25000000, 'application_id': None, 'hub_type': None, 'threads': [], 'stage_instances': [], 'system_channel_flags': 0, 'owner_configured_content_level': 0, 'premium_tier': 0, 'embedded_activities': [], 'premium_features': None, 'safety_alerts_channel_id': None, 'nsfw': False, 'max_video_channel_users': 25, 'description': None, 'moderator_reporting': None, 'voice_states': [], 'public_updates_channel_id': None, 'system_channel_id': None, 'large': False, 'member_count': 2, 'latest_onboarding_question_id': None, 'discovery_splash': None, 'emojis': [], 'owner_id': '316021592154963969', 'joined_at': '2025-08-10T22:20:45.217000+00:00', 'guild_scheduled_events': [], 'stickers': [], 'explicit_content_filter': 0, 'banner': None, 'unavailable': False, 'features': [], 'splash': None, 'afk_timeout': 300, 'lazy': True, 'premium_subscription_count': 0, 'nsfw_level': 0, 'mfa_level': 0, 'soundboard_sounds': [], 'version': 1743802437603, 'roles': [{'version': 1718061197099, 'unicode_emoji': None, 'tags': {}, 'position': 0, 'permissions': '2248473465835073', 'name': '@everyone', 'mentionable': False, 'managed': False, 'id': '1249863991535341640', 'icon': None, 'hoist': False, 'flags': 0, 'colors': {'tertiary_color': None, 'secondary_color': None, 'primary_color': 0}, 'color': 0}, {'version': 1754864445163, 'unicode_emoji': None, 'tags': {'bot_id': '1404058243440840824'}, 'position': 1, 'permissions': '824633785344', 'name': 'JOBRIGHT.EE.BOT', 'mentionable': False, 'managed': True, 'id': '1404228002434252855', 'icon': None, 'hoist': False, 'flags': 0, 'colors': {'tertiary_color': None, 'secondary_color': None, 'primary_color': 0}, 'color': 0}], 'max_stage_video_channel_users': 50, 'presences': [], 'home_header': None, 'preferred_locale': 'en-US', 'application_command_counts': {}, 'verification_level': 0, 'afk_channel_id': None}}
[2025-08-18 18:55:29] [DEBUG   ] discord.client: Dispatching event socket_event_type
[2025-08-18 18:55:29] [DEBUG   ] discord.client: Dispatching event guild_available
[2025-08-18 18:55:31] [DEBUG   ] discord.client: Dispatching event ready
[2025-08-18 18:56:10] [DEBUG   ] discord.gateway: Keeping shard ID None websocket alive with sequence 2.
[2025-08-18 18:56:10] [DEBUG   ] discord.gateway: For Shard ID None: WebSocket Event: {'t': None, 's': None, 'op': 11, 'd': None}
[2025-08-18 18:56:51] [DEBUG   ] discord.gateway: Keeping shard ID None websocket alive with sequence 2.
[2025-08-18 18:56:51] [DEBUG   ] discord.gateway: For Shard ID None: WebSocket Event: {'t': None, 's': None, 'op': 11, 'd': None}
[2025-08-18 18:57:32] [DEBUG   ] discord.gateway: Keeping shard ID None websocket alive with sequence 2.
[2025-08-18 18:57:32] [DEBUG   ] discord.gateway: For Shard ID None: WebSocket Event: {'t': None, 's': None, 'op': 11, 'd': None}
[2025-08-18 18:58:13] [DEBUG   ] discord.gateway: Keeping shard ID None websocket alive with sequence 2.
[2025-08-18 18:58:13] [DEBUG   ] discord.gateway: For Shard ID None: WebSocket Event: {'t': None, 's': None, 'op': 11, 'd': None}
[2025-08-18 18:58:55] [DEBUG   ] discord.gateway: Keeping shard ID None websocket alive with sequence 2.
[2025-08-18 18:58:55] [DEBUG   ] discord.gateway: For Shard ID None: WebSocket Event: {'t': None, 's': None, 'op': 11, 'd': None}
[2025-08-18 18:59:36] [DEBUG   ] discord.gateway: Keeping shard ID None websocket alive with sequence 2.
[2025-08-18 18:59:36] [DEBUG   ] discord.gateway: For Shard ID None: WebSocket Event: {'t': None, 's': None, 'op': 11, 'd': None}
[2025-08-18 19:00:17] [DEBUG   ] discord.gateway: Keeping shard ID None websocket alive with sequence 2.
[2025-08-18 19:00:17] [DEBUG   ] discord.gateway: For Shard ID None: WebSocket Event: {'t': None, 's': None, 'op': 11, 'd': None}
[2025-08-18 19:00:58] [DEBUG   ] discord.gateway: Keeping shard ID None websocket alive with sequence 2.
[2025-08-18 19:00:58] [DEBUG   ] discord.gateway: For Shard ID None: WebSocket Event: {'t': None, 's': None, 'op': 11, 'd': None}
[2025-08-18 19:01:40] [DEBUG   ] discord.gateway: Keeping shard ID None websocket alive with sequence 2.
[2025-08-18 19:01:40] [DEBUG   ] discord.gateway: For Shard ID None: WebSocket Event: {'t': None, 's': None, 'op': 11, 'd': None}
[2025-08-18 19:02:21] [DEBUG   ] discord.gateway: Keeping shard ID None websocket alive with sequence 2.
[2025-08-18 19:02:21] [DEBUG   ] discord.gateway: For Shard ID None: WebSocket Event: {'t': None, 's': None, 'op': 11, 'd': None}
[2025-08-18 19:03:02] [DEBUG   ] discord.gateway: Keeping shard ID None websocket alive with sequence 2.
[2025-08-18 19:03:02] [DEBUG   ] discord.gateway: For Shard ID None: WebSocket Event: {'t': None, 's': None, 'op': 11, 'd': None}
[2025-08-18 19:03:43] [DEBUG   ] discord.gateway: Keeping shard ID None websocket alive with sequence 2.
[2025-08-18 19:03:43] [DEBUG   ] discord.gateway: For Shard ID None: WebSocket Event: {'t': None, 's': None, 'op': 11, 'd': None}
[2025-08-18 19:04:25] [DEBUG   ] discord.gateway: Keeping shard ID None websocket alive with sequence 2.
[2025-08-18 19:04:25] [DEBUG   ] discord.gateway: For Shard ID None: WebSocket Event: {'t': None, 's': None, 'op': 11, 'd': None}
[2025-08-18 19:05:06] [DEBUG   ] discord.gateway: Keeping shard ID None websocket alive with sequence 2.
[2025-08-18 19:05:06] [DEBUG   ] discord.gateway: For Shard ID None: WebSocket Event: {'t': None, 's': None, 'op': 11, 'd': None}
[2025-08-18 19:05:47] [DEBUG   ] discord.gateway: Keeping shard ID None websocket alive with sequence 2.
[2025-08-18 19:05:47] [DEBUG   ] discord.gateway: For Shard ID None: WebSocket Event: {'t': None, 's': None, 'op': 11, 'd': None}
[2025-08-18 19:06:28] [DEBUG   ] discord.gateway: Keeping shard ID None websocket alive with sequence 2.
[2025-08-18 19:06:29] [DEBUG   ] discord.gateway: For Shard ID None: WebSocket Event: {'t': None, 's': None, 'op': 11, 'd': None}
[2025-08-18 19:07:10] [DEBUG   ] discord.gateway: Keeping shard ID None websocket alive with sequence 2.
[2025-08-18 19:07:10] [DEBUG   ] discord.gateway: For Shard ID None: WebSocket Event: {'t': None, 's': None, 'op': 11, 'd': None}
[2025-08-18 19:07:51] [DEBUG   ] discord.gateway: Keeping shard ID None websocket alive with sequence 2.
[2025-08-18 19:07:51] [DEBUG   ] discord.gateway: For Shard ID None: WebSocket Event: {'t': None, 's': None, 'op': 11, 'd': None}
[2025-08-18 19:08:32] [DEBUG   ] discord.gateway: Keeping shard ID None websocket alive with sequence 2.
[2025-08-18 19:08:32] [DEBUG   ] discord.gateway: For Shard ID None: WebSocket Event: {'t': None, 's': None, 'op': 11, 'd': None}
[2025-08-18 19:09:13] [DEBUG   ] discord.gateway: Keeping shard ID None websocket alive with sequence 2.
[2025-08-18 19:09:14] [DEBUG   ] discord.gateway: For Shard ID None: WebSocket Event: {'t': None, 's': None, 'op': 11, 'd': None}
[2025-08-18 19:09:55] [DEBUG   ] discord.gateway: Keeping shard ID None websocket alive with sequence 2.
[2025-08-18 19:09:55] [DEBUG   ] discord.gateway: For Shard ID None: WebSocket Event: {'t': None, 's': None, 'op': 11, 'd': None}
[2025-08-18 19:10:36] [DEBUG   ] discord.gateway: Keeping shard ID None websocket alive with sequence 2.
[2025-08-18 19:10:36] [DEBUG   ] discord.gateway: For Shard ID None: WebSocket Event: {'t': None, 's': None, 'op': 11, 'd': None}
[2025-08-18 19:11:17] [DEBUG   ] discord.gateway: Keeping shard ID None websocket alive with sequence 2.
[2025-08-18 19:11:17] [DEBUG   ] discord.gateway: For Shard ID None: WebSocket Event: {'t': None, 's': None, 'op': 11, 'd': None}
[2025-08-18 19:11:59] [DEBUG   ] discord.gateway: Keeping shard ID None websocket alive with sequence 2.
[2025-08-18 19:11:59] [DEBUG   ] discord.gateway: For Shard ID None: WebSocket Event: {'t': None, 's': None, 'op': 11, 'd': None}
[2025-08-18 19:12:40] [DEBUG   ] discord.gateway: Keeping shard ID None websocket alive with sequence 2.
[2025-08-18 19:12:40] [DEBUG   ] discord.gateway: For Shard ID None: WebSocket Event: {'t': None, 's': None, 'op': 11, 'd': None}
[2025-08-18 19:13:21] [DEBUG   ] discord.gateway: Keeping shard ID None websocket alive with sequence 2.
[2025-08-18 19:13:21] [DEBUG   ] discord.gateway: For Shard ID None: WebSocket Event: {'t': None, 's': None, 'op': 11, 'd': None}
[2025-08-18 19:14:02] [DEBUG   ] discord.gateway: Keeping shard ID None websocket alive with sequence 2.
[2025-08-18 19:14:02] [DEBUG   ] discord.gateway: For Shard ID None: WebSocket Event: {'t': None, 's': None, 'op': 11, 'd': None}
[2025-08-18 19:14:44] [DEBUG   ] discord.gateway: Keeping shard ID None websocket alive with sequence 2.
[2025-08-18 19:14:44] [DEBUG   ] discord.gateway: For Shard ID None: WebSocket Event: {'t': None, 's': None, 'op': 11, 'd': None}
[2025-08-18 19:15:25] [DEBUG   ] discord.gateway: Keeping shard ID None websocket alive with sequence 2.
[2025-08-18 19:15:25] [DEBUG   ] discord.gateway: For Shard ID None: WebSocket Event: {'t': None, 's': None, 'op': 11, 'd': None}
[2025-08-18 19:16:06] [DEBUG   ] discord.gateway: Keeping shard ID None websocket alive with sequence 2.
[2025-08-18 19:16:06] [DEBUG   ] discord.gateway: For Shard ID None: WebSocket Event: {'t': None, 's': None, 'op': 11, 'd': None}
[2025-08-18 19:16:47] [DEBUG   ] discord.gateway: Keeping shard ID None websocket alive with sequence 2.
[2025-08-18 19:16:47] [DEBUG   ] discord.gateway: For Shard ID None: WebSocket Event: {'t': None, 's': None, 'op': 11, 'd': None}
[2025-08-18 19:17:29] [DEBUG   ] discord.gateway: Keeping shard ID None websocket alive with sequence 2.
[2025-08-18 19:17:29] [DEBUG   ] discord.gateway: For Shard ID None: WebSocket Event: {'t': None, 's': None, 'op': 11, 'd': None}
[2025-08-18 19:18:10] [DEBUG   ] discord.gateway: Keeping shard ID None websocket alive with sequence 2.
[2025-08-18 19:18:10] [DEBUG   ] discord.gateway: For Shard ID None: WebSocket Event: {'t': None, 's': None, 'op': 11, 'd': None}
[2025-08-18 19:18:51] [DEBUG   ] discord.gateway: Keeping shard ID None websocket alive with sequence 2.
[2025-08-18 19:18:51] [DEBUG   ] discord.gateway: For Shard ID None: WebSocket Event: {'t': None, 's': None, 'op': 11, 'd': None}
[2025-08-18 19:19:32] [DEBUG   ] discord.gateway: Keeping shard ID None websocket alive with sequence 2.
[2025-08-18 19:19:32] [DEBUG   ] discord.gateway: For Shard ID None: WebSocket Event: {'t': None, 's': None, 'op': 11, 'd': None}
[2025-08-18 19:20:14] [DEBUG   ] discord.gateway: Keeping shard ID None websocket alive with sequence 2.
[2025-08-18 19:20:14] [DEBUG   ] discord.gateway: For Shard ID None: WebSocket Event: {'t': None, 's': None, 'op': 11, 'd': None}
[2025-08-18 19:20:55] [DEBUG   ] discord.gateway: Keeping shard ID None websocket alive with sequence 2.
[2025-08-18 19:20:55] [DEBUG   ] discord.gateway: For Shard ID None: WebSocket Event: {'t': None, 's': None, 'op': 11, 'd': None}
[2025-08-18 19:21:36] [DEBUG   ] discord.gateway: Keeping shard ID None websocket alive with sequence 2.
[2025-08-18 19:21:36] [DEBUG   ] discord.gateway: For Shard ID None: WebSocket Event: {'t': None, 's': None, 'op': 11, 'd': None}
[2025-08-18 19:22:17] [DEBUG   ] discord.gateway: Keeping shard ID None websocket alive with sequence 2.
[2025-08-18 19:22:17] [DEBUG   ] discord.gateway: For Shard ID None: WebSocket Event: {'t': None, 's': None, 'op': 11, 'd': None}
[2025-08-18 19:22:59] [DEBUG   ] discord.gateway: Keeping shard ID None websocket alive with sequence 2.
[2025-08-18 19:22:59] [DEBUG   ] discord.gateway: For Shard ID None: WebSocket Event: {'t': None, 's': None, 'op': 11, 'd': None}
[2025-08-18 19:23:40] [DEBUG   ] discord.gateway: Keeping shard ID None websocket alive with sequence 2.
[2025-08-18 19:23:40] [DEBUG   ] discord.gateway: For Shard ID None: WebSocket Event: {'t': None, 's': None, 'op': 11, 'd': None}
[2025-08-18 19:24:21] [DEBUG   ] discord.gateway: Keeping shard ID None websocket alive with sequence 2.
[2025-08-18 19:24:21] [DEBUG   ] discord.gateway: For Shard ID None: WebSocket Event: {'t': None, 's': None, 'op': 11, 'd': None}
[2025-08-18 19:25:02] [DEBUG   ] discord.gateway: Keeping shard ID None websocket alive with sequence 2.
[2025-08-18 19:25:02] [DEBUG   ] discord.gateway: For Shard ID None: WebSocket Event: {'t': None, 's': None, 'op': 11, 'd': None}
